<?xml version="1.0" encoding="UTF-8" standalone="no"?>
<testsuite errors="0" failures="0" name="io.cucumber.core.plugin.JUnitFormatter" skipped="0" tests="3" time="18.479">
    <testcase classname="To test the Login Functionality" name="Check whether the login credentials are working or not" time="7.154">
        <system-out><![CDATA[Given Website is opened using url...........................................passed
When user enters the Rohan and 12345........................................passed
Then user clicks on the Login button........................................passed
]]></system-out>
    </testcase>
    <testcase classname="To test the Login Functionality" name="Check whether the login credentials are working or not 2" time="5.533">
        <system-out><![CDATA[Given Website is opened using url...........................................passed
When user enters the Mohit and 12345........................................passed
Then user clicks on the Login button........................................passed
]]></system-out>
    </testcase>
    <testcase classname="To test the Login Functionality" name="Check whether the login credentials are working or not 3" time="5.324">
        <system-out><![CDATA[Given Website is opened using url...........................................passed
When user enters the Priya and 12345........................................passed
Then user clicks on the Login button........................................passed
]]></system-out>
    </testcase>
</testsuite>
