<?xml version="1.0" encoding="UTF-8" standalone="no"?>
<testsuite errors="0" failures="0" name="io.cucumber.core.plugin.JUnitFormatter" skipped="0" tests="2" time="6.923">
    <testcase classname="Check login functionality" name="_2" time="4.698">
        <system-out><![CDATA[Given use is on the login page..............................................passed
When user enters valid username and password................................passed
And Clicks on the login button..............................................passed
Then user is navigated to the home page.....................................passed
]]></system-out>
    </testcase>
    <testcase classname="Check login functionality" name="_3" time="1.767">
        <system-out><![CDATA[Given use is on the login page..............................................passed
When user enters valid username and password................................passed
And Clicks on the login button..............................................passed
Then user is navigated to the home page.....................................passed
]]></system-out>
    </testcase>
</testsuite>
